2025-12-17 23:30:32 [ERROR]: Failed to save sleep log
Error: Prediction service error
    at Object.<anonymous> (C:\Users\Admin\Downloads\sleep-ai-full-project\backend-node\tests\sleep.test.js:91:39)
    at Promise.finally.completed (C:\Users\Admin\Downloads\sleep-ai-full-project\backend-node\node_modules\jest-circus\build\jestAdapterInit.js:1557:28)
    at new Promise (<anonymous>)
    at callAsyncCircusFn (C:\Users\Admin\Downloads\sleep-ai-full-project\backend-node\node_modules\jest-circus\build\jestAdapterInit.js:1497:10)
    at _callCircusTest (C:\Users\Admin\Downloads\sleep-ai-full-project\backend-node\node_modules\jest-circus\build\jestAdapterInit.js:1007:40)
    at processTicksAndRejections (node:internal/process/task_queues:105:5)
    at _runTest (C:\Users\Admin\Downloads\sleep-ai-full-project\backend-node\node_modules\jest-circus\build\jestAdapterInit.js:947:3)
    at C:\Users\Admin\Downloads\sleep-ai-full-project\backend-node\node_modules\jest-circus\build\jestAdapterInit.js:849:7
    at _runTestsForDescribeBlock (C:\Users\Admin\Downloads\sleep-ai-full-project\backend-node\node_modules\jest-circus\build\jestAdapterInit.js:862:11)
    at _runTestsForDescribeBlock (C:\Users\Admin\Downloads\sleep-ai-full-project\backend-node\node_modules\jest-circus\build\jestAdapterInit.js:857:11)
    at _runTestsForDescribeBlock (C:\Users\Admin\Downloads\sleep-ai-full-project\backend-node\node_modules\jest-circus\build\jestAdapterInit.js:857:11)
    at run (C:\Users\Admin\Downloads\sleep-ai-full-project\backend-node\node_modules\jest-circus\build\jestAdapterInit.js:761:3)
    at runAndTransformResultsToJestFormat (C:\Users\Admin\Downloads\sleep-ai-full-project\backend-node\node_modules\jest-circus\build\jestAdapterInit.js:1918:21)
    at jestAdapter (C:\Users\Admin\Downloads\sleep-ai-full-project\backend-node\node_modules\jest-circus\build\runner.js:101:19)
    at runTestInternal (C:\Users\Admin\Downloads\sleep-ai-full-project\backend-node\node_modules\jest-runner\build\testWorker.js:275:16)
    at runTest (C:\Users\Admin\Downloads\sleep-ai-full-project\backend-node\node_modules\jest-runner\build\testWorker.js:343:7)
    at Object.worker (C:\Users\Admin\Downloads\sleep-ai-full-project\backend-node\node_modules\jest-runner\build\testWorker.js:497:12)
2025-12-17 23:30:32 [ERROR]: Failed to save sleep log
Error: Database error
    at Object.<anonymous> (C:\Users\Admin\Downloads\sleep-ai-full-project\backend-node\tests\sleep.test.js:119:61)
    at Promise.finally.completed (C:\Users\Admin\Downloads\sleep-ai-full-project\backend-node\node_modules\jest-circus\build\jestAdapterInit.js:1557:28)
    at new Promise (<anonymous>)
    at callAsyncCircusFn (C:\Users\Admin\Downloads\sleep-ai-full-project\backend-node\node_modules\jest-circus\build\jestAdapterInit.js:1497:10)
    at _callCircusTest (C:\Users\Admin\Downloads\sleep-ai-full-project\backend-node\node_modules\jest-circus\build\jestAdapterInit.js:1007:40)
    at processTicksAndRejections (node:internal/process/task_queues:105:5)
    at _runTest (C:\Users\Admin\Downloads\sleep-ai-full-project\backend-node\node_modules\jest-circus\build\jestAdapterInit.js:947:3)
    at C:\Users\Admin\Downloads\sleep-ai-full-project\backend-node\node_modules\jest-circus\build\jestAdapterInit.js:849:7
    at _runTestsForDescribeBlock (C:\Users\Admin\Downloads\sleep-ai-full-project\backend-node\node_modules\jest-circus\build\jestAdapterInit.js:862:11)
    at _runTestsForDescribeBlock (C:\Users\Admin\Downloads\sleep-ai-full-project\backend-node\node_modules\jest-circus\build\jestAdapterInit.js:857:11)
    at _runTestsForDescribeBlock (C:\Users\Admin\Downloads\sleep-ai-full-project\backend-node\node_modules\jest-circus\build\jestAdapterInit.js:857:11)
    at run (C:\Users\Admin\Downloads\sleep-ai-full-project\backend-node\node_modules\jest-circus\build\jestAdapterInit.js:761:3)
    at runAndTransformResultsToJestFormat (C:\Users\Admin\Downloads\sleep-ai-full-project\backend-node\node_modules\jest-circus\build\jestAdapterInit.js:1918:21)
    at jestAdapter (C:\Users\Admin\Downloads\sleep-ai-full-project\backend-node\node_modules\jest-circus\build\runner.js:101:19)
    at runTestInternal (C:\Users\Admin\Downloads\sleep-ai-full-project\backend-node\node_modules\jest-runner\build\testWorker.js:275:16)
    at runTest (C:\Users\Admin\Downloads\sleep-ai-full-project\backend-node\node_modules\jest-runner\build\testWorker.js:343:7)
    at Object.worker (C:\Users\Admin\Downloads\sleep-ai-full-project\backend-node\node_modules\jest-runner\build\testWorker.js:497:12)
2025-12-17 23:30:33 [ERROR]: Failed to load trend data
Error: Database error
    at Object.<anonymous> (C:\Users\Admin\Downloads\sleep-ai-full-project\backend-node\tests\trends.test.js:74:46)
    at Promise.finally.completed (C:\Users\Admin\Downloads\sleep-ai-full-project\backend-node\node_modules\jest-circus\build\jestAdapterInit.js:1557:28)
    at new Promise (<anonymous>)
    at callAsyncCircusFn (C:\Users\Admin\Downloads\sleep-ai-full-project\backend-node\node_modules\jest-circus\build\jestAdapterInit.js:1497:10)
    at _callCircusTest (C:\Users\Admin\Downloads\sleep-ai-full-project\backend-node\node_modules\jest-circus\build\jestAdapterInit.js:1007:40)
    at processTicksAndRejections (node:internal/process/task_queues:105:5)
    at _runTest (C:\Users\Admin\Downloads\sleep-ai-full-project\backend-node\node_modules\jest-circus\build\jestAdapterInit.js:947:3)
    at C:\Users\Admin\Downloads\sleep-ai-full-project\backend-node\node_modules\jest-circus\build\jestAdapterInit.js:849:7
    at _runTestsForDescribeBlock (C:\Users\Admin\Downloads\sleep-ai-full-project\backend-node\node_modules\jest-circus\build\jestAdapterInit.js:862:11)
    at _runTestsForDescribeBlock (C:\Users\Admin\Downloads\sleep-ai-full-project\backend-node\node_modules\jest-circus\build\jestAdapterInit.js:857:11)
    at _runTestsForDescribeBlock (C:\Users\Admin\Downloads\sleep-ai-full-project\backend-node\node_modules\jest-circus\build\jestAdapterInit.js:857:11)
    at run (C:\Users\Admin\Downloads\sleep-ai-full-project\backend-node\node_modules\jest-circus\build\jestAdapterInit.js:761:3)
    at runAndTransformResultsToJestFormat (C:\Users\Admin\Downloads\sleep-ai-full-project\backend-node\node_modules\jest-circus\build\jestAdapterInit.js:1918:21)
    at jestAdapter (C:\Users\Admin\Downloads\sleep-ai-full-project\backend-node\node_modules\jest-circus\build\runner.js:101:19)
    at runTestInternal (C:\Users\Admin\Downloads\sleep-ai-full-project\backend-node\node_modules\jest-runner\build\testWorker.js:275:16)
    at runTest (C:\Users\Admin\Downloads\sleep-ai-full-project\backend-node\node_modules\jest-runner\build\testWorker.js:343:7)
    at Object.worker (C:\Users\Admin\Downloads\sleep-ai-full-project\backend-node\node_modules\jest-runner\build\testWorker.js:497:12)
2025-12-17 23:32:54 [ERROR]: Failed to save sleep log
Error: Prediction service error
    at Object.<anonymous> (C:\Users\Admin\Downloads\sleep-ai-full-project\backend-node\tests\sleep.test.js:91:39)
    at Promise.finally.completed (C:\Users\Admin\Downloads\sleep-ai-full-project\backend-node\node_modules\jest-circus\build\jestAdapterInit.js:1557:28)
    at new Promise (<anonymous>)
    at callAsyncCircusFn (C:\Users\Admin\Downloads\sleep-ai-full-project\backend-node\node_modules\jest-circus\build\jestAdapterInit.js:1497:10)
    at _callCircusTest (C:\Users\Admin\Downloads\sleep-ai-full-project\backend-node\node_modules\jest-circus\build\jestAdapterInit.js:1007:40)
    at processTicksAndRejections (node:internal/process/task_queues:105:5)
    at _runTest (C:\Users\Admin\Downloads\sleep-ai-full-project\backend-node\node_modules\jest-circus\build\jestAdapterInit.js:947:3)
    at C:\Users\Admin\Downloads\sleep-ai-full-project\backend-node\node_modules\jest-circus\build\jestAdapterInit.js:849:7
    at _runTestsForDescribeBlock (C:\Users\Admin\Downloads\sleep-ai-full-project\backend-node\node_modules\jest-circus\build\jestAdapterInit.js:862:11)
    at _runTestsForDescribeBlock (C:\Users\Admin\Downloads\sleep-ai-full-project\backend-node\node_modules\jest-circus\build\jestAdapterInit.js:857:11)
    at _runTestsForDescribeBlock (C:\Users\Admin\Downloads\sleep-ai-full-project\backend-node\node_modules\jest-circus\build\jestAdapterInit.js:857:11)
    at run (C:\Users\Admin\Downloads\sleep-ai-full-project\backend-node\node_modules\jest-circus\build\jestAdapterInit.js:761:3)
    at runAndTransformResultsToJestFormat (C:\Users\Admin\Downloads\sleep-ai-full-project\backend-node\node_modules\jest-circus\build\jestAdapterInit.js:1918:21)
    at jestAdapter (C:\Users\Admin\Downloads\sleep-ai-full-project\backend-node\node_modules\jest-circus\build\runner.js:101:19)
    at runTestInternal (C:\Users\Admin\Downloads\sleep-ai-full-project\backend-node\node_modules\jest-runner\build\testWorker.js:275:16)
    at runTest (C:\Users\Admin\Downloads\sleep-ai-full-project\backend-node\node_modules\jest-runner\build\testWorker.js:343:7)
    at Object.worker (C:\Users\Admin\Downloads\sleep-ai-full-project\backend-node\node_modules\jest-runner\build\testWorker.js:497:12)
2025-12-17 23:32:54 [ERROR]: Failed to save sleep log
Error: Database error
    at Object.<anonymous> (C:\Users\Admin\Downloads\sleep-ai-full-project\backend-node\tests\sleep.test.js:119:61)
    at Promise.finally.completed (C:\Users\Admin\Downloads\sleep-ai-full-project\backend-node\node_modules\jest-circus\build\jestAdapterInit.js:1557:28)
    at new Promise (<anonymous>)
    at callAsyncCircusFn (C:\Users\Admin\Downloads\sleep-ai-full-project\backend-node\node_modules\jest-circus\build\jestAdapterInit.js:1497:10)
    at _callCircusTest (C:\Users\Admin\Downloads\sleep-ai-full-project\backend-node\node_modules\jest-circus\build\jestAdapterInit.js:1007:40)
    at processTicksAndRejections (node:internal/process/task_queues:105:5)
    at _runTest (C:\Users\Admin\Downloads\sleep-ai-full-project\backend-node\node_modules\jest-circus\build\jestAdapterInit.js:947:3)
    at C:\Users\Admin\Downloads\sleep-ai-full-project\backend-node\node_modules\jest-circus\build\jestAdapterInit.js:849:7
    at _runTestsForDescribeBlock (C:\Users\Admin\Downloads\sleep-ai-full-project\backend-node\node_modules\jest-circus\build\jestAdapterInit.js:862:11)
    at _runTestsForDescribeBlock (C:\Users\Admin\Downloads\sleep-ai-full-project\backend-node\node_modules\jest-circus\build\jestAdapterInit.js:857:11)
    at _runTestsForDescribeBlock (C:\Users\Admin\Downloads\sleep-ai-full-project\backend-node\node_modules\jest-circus\build\jestAdapterInit.js:857:11)
    at run (C:\Users\Admin\Downloads\sleep-ai-full-project\backend-node\node_modules\jest-circus\build\jestAdapterInit.js:761:3)
    at runAndTransformResultsToJestFormat (C:\Users\Admin\Downloads\sleep-ai-full-project\backend-node\node_modules\jest-circus\build\jestAdapterInit.js:1918:21)
    at jestAdapter (C:\Users\Admin\Downloads\sleep-ai-full-project\backend-node\node_modules\jest-circus\build\runner.js:101:19)
    at runTestInternal (C:\Users\Admin\Downloads\sleep-ai-full-project\backend-node\node_modules\jest-runner\build\testWorker.js:275:16)
    at runTest (C:\Users\Admin\Downloads\sleep-ai-full-project\backend-node\node_modules\jest-runner\build\testWorker.js:343:7)
    at Object.worker (C:\Users\Admin\Downloads\sleep-ai-full-project\backend-node\node_modules\jest-runner\build\testWorker.js:497:12)
2025-12-17 23:32:55 [ERROR]: Failed to load trend data
Error: Database error
    at Object.<anonymous> (C:\Users\Admin\Downloads\sleep-ai-full-project\backend-node\tests\trends.test.js:74:46)
    at Promise.finally.completed (C:\Users\Admin\Downloads\sleep-ai-full-project\backend-node\node_modules\jest-circus\build\jestAdapterInit.js:1557:28)
    at new Promise (<anonymous>)
    at callAsyncCircusFn (C:\Users\Admin\Downloads\sleep-ai-full-project\backend-node\node_modules\jest-circus\build\jestAdapterInit.js:1497:10)
    at _callCircusTest (C:\Users\Admin\Downloads\sleep-ai-full-project\backend-node\node_modules\jest-circus\build\jestAdapterInit.js:1007:40)
    at processTicksAndRejections (node:internal/process/task_queues:105:5)
    at _runTest (C:\Users\Admin\Downloads\sleep-ai-full-project\backend-node\node_modules\jest-circus\build\jestAdapterInit.js:947:3)
    at C:\Users\Admin\Downloads\sleep-ai-full-project\backend-node\node_modules\jest-circus\build\jestAdapterInit.js:849:7
    at _runTestsForDescribeBlock (C:\Users\Admin\Downloads\sleep-ai-full-project\backend-node\node_modules\jest-circus\build\jestAdapterInit.js:862:11)
    at _runTestsForDescribeBlock (C:\Users\Admin\Downloads\sleep-ai-full-project\backend-node\node_modules\jest-circus\build\jestAdapterInit.js:857:11)
    at _runTestsForDescribeBlock (C:\Users\Admin\Downloads\sleep-ai-full-project\backend-node\node_modules\jest-circus\build\jestAdapterInit.js:857:11)
    at run (C:\Users\Admin\Downloads\sleep-ai-full-project\backend-node\node_modules\jest-circus\build\jestAdapterInit.js:761:3)
    at runAndTransformResultsToJestFormat (C:\Users\Admin\Downloads\sleep-ai-full-project\backend-node\node_modules\jest-circus\build\jestAdapterInit.js:1918:21)
    at jestAdapter (C:\Users\Admin\Downloads\sleep-ai-full-project\backend-node\node_modules\jest-circus\build\runner.js:101:19)
    at runTestInternal (C:\Users\Admin\Downloads\sleep-ai-full-project\backend-node\node_modules\jest-runner\build\testWorker.js:275:16)
    at runTest (C:\Users\Admin\Downloads\sleep-ai-full-project\backend-node\node_modules\jest-runner\build\testWorker.js:343:7)
    at Object.worker (C:\Users\Admin\Downloads\sleep-ai-full-project\backend-node\node_modules\jest-runner\build\testWorker.js:497:12)
